# JRE version: OpenJDK Runtime Environment (8.0_152-b01) (build 1.8.0_152-release-1024-b01)
# Java VM: OpenJDK 64-Bit Server VM (25.152-b01 mixed mode linux-amd64 compressed oops)
Heap:
 PSYoungGen      total 456192K, used 6104K [0x00000000e0000000, 0x0000000100000000, 0x0000000100000000)
  eden space 388096K, 0% used [0x00000000e0000000,0x00000000e0000000,0x00000000f7b00000)
  from space 68096K, 8% used [0x00000000f7b00000,0x00000000f80f6078,0x00000000fbd80000)
  to   space 68096K, 0% used [0x00000000fbd80000,0x00000000fbd80000,0x0000000100000000)
 ParOldGen       total 239616K, used 239118K [0x00000000a0000000, 0x00000000aea00000, 0x00000000e0000000)
  object space 239616K, 99% used [0x00000000a0000000,0x00000000ae983970,0x00000000aea00000)
 Metaspace       used 106324K, capacity 112377K, committed 112788K, reserved 1146880K
  class space    used 13359K, capacity 14679K, committed 14780K, reserved 1048576K
GC Heap History (10 events):
Event: 1452,225 GC heap after
Heap after GC invocations=27 (full 4):
 PSYoungGen      total 454656K, used 26954K [0x00000000e0000000, 0x0000000100000000, 0x0000000100000000)
  eden space 385024K, 0% used [0x00000000e0000000,0x00000000e0000000,0x00000000f7800000)
  from space 69632K, 38% used [0x00000000f7800000,0x00000000f9252ad8,0x00000000fbc00000)
  to   space 66048K, 0% used [0x00000000fbf80000,0x00000000fbf80000,0x0000000100000000)
 ParOldGen       total 185856K, used 133507K [0x00000000a0000000, 0x00000000ab580000, 0x00000000e0000000)
  object space 185856K, 71% used [0x00000000a0000000,0x00000000a8260fe0,0x00000000ab580000)
 Metaspace       used 105261K, capacity 111395K, committed 111508K, reserved 1146880K
  class space    used 13327K, capacity 14667K, committed 14780K, reserved 1048576K
}
Event: 1453,049 GC heap before
{Heap before GC invocations=28 (full 4):
 PSYoungGen      total 454656K, used 411978K [0x00000000e0000000, 0x0000000100000000, 0x0000000100000000)
  eden space 385024K, 100% used [0x00000000e0000000,0x00000000f7800000,0x00000000f7800000)
  from space 69632K, 38% used [0x00000000f7800000,0x00000000f9252ad8,0x00000000fbc00000)
  to   space 66048K, 0% used [0x00000000fbf80000,0x00000000fbf80000,0x0000000100000000)
 ParOldGen       total 185856K, used 133507K [0x00000000a0000000, 0x00000000ab580000, 0x00000000e0000000)
  object space 185856K, 71% used [0x00000000a0000000,0x00000000a8260fe0,0x00000000ab580000)
 Metaspace       used 105555K, capacity 111725K, committed 112020K, reserved 1146880K
  class space    used 13333K, capacity 14672K, committed 14780K, reserved 1048576K
Event: 1453,087 GC heap after
Heap after GC invocations=28 (full 4):
 PSYoungGen      total 448000K, used 10955K [0x00000000e0000000, 0x00000000ff980000, 0x0000000100000000)
  eden space 388608K, 0% used [0x00000000e0000000,0x00000000e0000000,0x00000000f7b80000)
  from space 59392K, 18% used [0x00000000fbf80000,0x00000000fca32d50,0x00000000ff980000)
  to   space 64512K, 0% used [0x00000000f7b80000,0x00000000f7b80000,0x00000000fba80000)
 ParOldGen       total 185856K, used 149506K [0x00000000a0000000, 0x00000000ab580000, 0x00000000e0000000)
  object space 185856K, 80% used [0x00000000a0000000,0x00000000a9200950,0x00000000ab580000)
 Metaspace       used 105555K, capacity 111725K, committed 112020K, reserved 1146880K
  class space    used 13333K, capacity 14672K, committed 14780K, reserved 1048576K
}
Event: 1453,872 GC heap before
{Heap before GC invocations=29 (full 4):
 PSYoungGen      total 448000K, used 399563K [0x00000000e0000000, 0x00000000ff980000, 0x0000000100000000)
  eden space 388608K, 100% used [0x00000000e0000000,0x00000000f7b80000,0x00000000f7b80000)
  from space 59392K, 18% used [0x00000000fbf80000,0x00000000fca32d50,0x00000000ff980000)
  to   space 64512K, 0% used [0x00000000f7b80000,0x00000000f7b80000,0x00000000fba80000)
 ParOldGen       total 185856K, used 149506K [0x00000000a0000000, 0x00000000ab580000, 0x00000000e0000000)
  object space 185856K, 80% used [0x00000000a0000000,0x00000000a9200950,0x00000000ab580000)
 Metaspace       used 105766K, capacity 111911K, committed 112020K, reserved 1146880K
  class space    used 13346K, capacity 14705K, committed 14780K, reserved 1048576K
Event: 1453,889 GC heap after
Heap after GC invocations=29 (full 4):
 PSYoungGen      total 453120K, used 2813K [0x00000000e0000000, 0x0000000100000000, 0x0000000100000000)
  eden space 388608K, 0% used [0x00000000e0000000,0x00000000e0000000,0x00000000f7b80000)
  from space 64512K, 4% used [0x00000000f7b80000,0x00000000f7e3f608,0x00000000fba80000)
  to   space 64000K, 0% used [0x00000000fc180000,0x00000000fc180000,0x0000000100000000)
 ParOldGen       total 185856K, used 153851K [0x00000000a0000000, 0x00000000ab580000, 0x00000000e0000000)
  object space 185856K, 82% used [0x00000000a0000000,0x00000000a963ee78,0x00000000ab580000)
 Metaspace       used 105766K, capacity 111911K, committed 112020K, reserved 1146880K
  class space    used 13346K, capacity 14705K, committed 14780K, reserved 1048576K
}
Event: 1454,821 GC heap before
{Heap before GC invocations=30 (full 4):
 PSYoungGen      total 453120K, used 391421K [0x00000000e0000000, 0x0000000100000000, 0x0000000100000000)
  eden space 388608K, 100% used [0x00000000e0000000,0x00000000f7b80000,0x00000000f7b80000)
  from space 64512K, 4% used [0x00000000f7b80000,0x00000000f7e3f608,0x00000000fba80000)
  to   space 64000K, 0% used [0x00000000fc180000,0x00000000fc180000,0x0000000100000000)
 ParOldGen       total 185856K, used 153851K [0x00000000a0000000, 0x00000000ab580000, 0x00000000e0000000)
  object space 185856K, 82% used [0x00000000a0000000,0x00000000a963ee78,0x00000000ab580000)
 Metaspace       used 106055K, capacity 112187K, committed 112276K, reserved 1146880K
  class space    used 13368K, capacity 14717K, committed 14780K, reserved 1048576K
Event: 1454,837 GC heap after
Heap after GC invocations=30 (full 4):
 PSYoungGen      total 452096K, used 43894K [0x00000000e0000000, 0x0000000100000000, 0x0000000100000000)
  eden space 388096K, 0% used [0x00000000e0000000,0x00000000e0000000,0x00000000f7b00000)
  from space 64000K, 68% used [0x00000000fc180000,0x00000000fec5d8f8,0x0000000100000000)
  to   space 68096K, 0% used [0x00000000f7b00000,0x00000000f7b00000,0x00000000fbd80000)
 ParOldGen       total 185856K, used 154594K [0x00000000a0000000, 0x00000000ab580000, 0x00000000e0000000)
  object space 185856K, 83% used [0x00000000a0000000,0x00000000a96f8b58,0x00000000ab580000)
 Metaspace       used 106055K, capacity 112187K, committed 112276K, reserved 1146880K
  class space    used 13368K, capacity 14717K, committed 14780K, reserved 1048576K
}
Event: 1457,291 GC heap before
{Heap before GC invocations=31 (full 4):
 PSYoungGen      total 452096K, used 431990K [0x00000000e0000000, 0x0000000100000000, 0x0000000100000000)
  eden space 388096K, 100% used [0x00000000e0000000,0x00000000f7b00000,0x00000000f7b00000)
  from space 64000K, 68% used [0x00000000fc180000,0x00000000fec5d8f8,0x0000000100000000)
  to   space 68096K, 0% used [0x00000000f7b00000,0x00000000f7b00000,0x00000000fbd80000)
 ParOldGen       total 185856K, used 154594K [0x00000000a0000000, 0x00000000ab580000, 0x00000000e0000000)
  object space 185856K, 83% used [0x00000000a0000000,0x00000000a96f8b58,0x00000000ab580000)
 Metaspace       used 106438K, capacity 112691K, committed 112788K, reserved 1146880K
  class space    used 13394K, capacity 14763K, committed 14780K, reserved 1048576K
Event: 1457,436 GC heap after
Heap after GC invocations=31 (full 4):
 PSYoungGen      total 456192K, used 68071K [0x00000000e0000000, 0x0000000100000000, 0x0000000100000000)
  eden space 388096K, 0% used [0x00000000e0000000,0x00000000e0000000,0x00000000f7b00000)
  from space 68096K, 99% used [0x00000000f7b00000,0x00000000fbd79f30,0x00000000fbd80000)
  to   space 68096K, 0% used [0x00000000fbd80000,0x00000000fbd80000,0x0000000100000000)
 ParOldGen       total 239616K, used 239590K [0x00000000a0000000, 0x00000000aea00000, 0x00000000e0000000)
  object space 239616K, 99% used [0x00000000a0000000,0x00000000ae9f9b40,0x00000000aea00000)
 Metaspace       used 106438K, capacity 112691K, committed 112788K, reserved 1146880K
  class space    used 13394K, capacity 14763K, committed 14780K, reserved 1048576K
}
Event: 1457,436 GC heap before
{Heap before GC invocations=32 (full 5):
 PSYoungGen      total 456192K, used 68071K [0x00000000e0000000, 0x0000000100000000, 0x0000000100000000)
  eden space 388096K, 0% used [0x00000000e0000000,0x00000000e0000000,0x00000000f7b00000)
  from space 68096K, 99% used [0x00000000f7b00000,0x00000000fbd79f30,0x00000000fbd80000)
  to   space 68096K, 0% used [0x00000000fbd80000,0x00000000fbd80000,0x0000000100000000)
 ParOldGen       total 239616K, used 239590K [0x00000000a0000000, 0x00000000aea00000, 0x00000000e0000000)
  object space 239616K, 99% used [0x00000000a0000000,0x00000000ae9f9b40,0x00000000aea00000)
 Metaspace       used 106438K, capacity 112691K, committed 112788K, reserved 1146880K
  class space    used 13394K, capacity 14763K, committed 14780K, reserved 1048576K

